<?xml version="1.0" encoding="UTF-8"?>
<testsuite xmlns:xsi="http://www.w3.org/2001/XMLSchema-instance" xsi:noNamespaceSchemaLocation="https://maven.apache.org/surefire/maven-surefire-plugin/xsd/surefire-test-report.xsd" name="orders.OrdersCreateTest" time="4.294" tests="6" errors="0" skipped="0" failures="0">
  <properties>
    <property name="java.specification.version" value="18"/>
    <property name="sun.jnu.encoding" value="UTF-8"/>
    <property name="java.class.path" value="/Users/admin/Documents/job/Sprint7_123/target/test-classes:/Users/admin/Documents/job/Sprint7_123/target/classes:/Users/admin/.m2/repository/junit/junit/4.13.2/junit-4.13.2.jar:/Users/admin/.m2/repository/org/hamcrest/hamcrest-core/1.3/hamcrest-core-1.3.jar:/Users/admin/.m2/repository/commons-lang/commons-lang/2.6/commons-lang-2.6.jar:/Users/admin/.m2/repository/io/qameta/allure/allure-junit4/2.19.0/allure-junit4-2.19.0.jar:/Users/admin/.m2/repository/io/qameta/allure/allure-java-commons/2.19.0/allure-java-commons-2.19.0.jar:/Users/admin/.m2/repository/org/slf4j/slf4j-api/1.7.30/slf4j-api-1.7.30.jar:/Users/admin/.m2/repository/io/qameta/allure/allure-model/2.19.0/allure-model-2.19.0.jar:/Users/admin/.m2/repository/io/qameta/allure/allure-rest-assured/2.19.0/allure-rest-assured-2.19.0.jar:/Users/admin/.m2/repository/io/qameta/allure/allure-attachments/2.19.0/allure-attachments-2.19.0.jar:/Users/admin/.m2/repository/org/freemarker/freemarker/2.3.31/freemarker-2.3.31.jar:/Users/admin/.m2/repository/io/rest-assured/rest-assured/5.2.0/rest-assured-5.2.0.jar:/Users/admin/.m2/repository/org/apache/groovy/groovy/4.0.1/groovy-4.0.1.jar:/Users/admin/.m2/repository/org/apache/groovy/groovy-xml/4.0.1/groovy-xml-4.0.1.jar:/Users/admin/.m2/repository/org/apache/httpcomponents/httpclient/4.5.13/httpclient-4.5.13.jar:/Users/admin/.m2/repository/org/apache/httpcomponents/httpcore/4.4.13/httpcore-4.4.13.jar:/Users/admin/.m2/repository/commons-logging/commons-logging/1.2/commons-logging-1.2.jar:/Users/admin/.m2/repository/commons-codec/commons-codec/1.11/commons-codec-1.11.jar:/Users/admin/.m2/repository/org/apache/httpcomponents/httpmime/4.5.13/httpmime-4.5.13.jar:/Users/admin/.m2/repository/org/hamcrest/hamcrest/2.1/hamcrest-2.1.jar:/Users/admin/.m2/repository/org/ccil/cowan/tagsoup/tagsoup/1.2.1/tagsoup-1.2.1.jar:/Users/admin/.m2/repository/io/rest-assured/json-path/5.2.0/json-path-5.2.0.jar:/Users/admin/.m2/repository/org/apache/groovy/groovy-json/4.0.1/groovy-json-4.0.1.jar:/Users/admin/.m2/repository/io/rest-assured/rest-assured-common/5.2.0/rest-assured-common-5.2.0.jar:/Users/admin/.m2/repository/io/rest-assured/xml-path/5.2.0/xml-path-5.2.0.jar:/Users/admin/.m2/repository/org/apache/commons/commons-lang3/3.11/commons-lang3-3.11.jar:/Users/admin/.m2/repository/org/projectlombok/lombok/1.18.24/lombok-1.18.24.jar:/Users/admin/.m2/repository/com/google/code/gson/gson/2.9.0/gson-2.9.0.jar:"/>
    <property name="java.vm.vendor" value="Homebrew"/>
    <property name="sun.arch.data.model" value="64"/>
    <property name="java.vendor.url" value="https://github.com/Homebrew/homebrew-core/issues"/>
    <property name="os.name" value="Mac OS X"/>
    <property name="java.vm.specification.version" value="18"/>
    <property name="sun.java.launcher" value="SUN_STANDARD"/>
    <property name="user.country" value="RU"/>
    <property name="sun.boot.library.path" value="/usr/local/Cellar/openjdk/18.0.1/libexec/openjdk.jdk/Contents/Home/lib"/>
    <property name="sun.java.command" value="/Users/admin/Documents/job/Sprint7_123/target/surefire/surefirebooter9439325929098075251.jar /Users/admin/Documents/job/Sprint7_123/target/surefire 2022-10-21T20-08-04_998-jvmRun1 surefire5599899102912519831tmp surefire_012861051538263010031tmp"/>
    <property name="jdk.debug" value="release"/>
    <property name="surefire.test.class.path" value="/Users/admin/Documents/job/Sprint7_123/target/test-classes:/Users/admin/Documents/job/Sprint7_123/target/classes:/Users/admin/.m2/repository/junit/junit/4.13.2/junit-4.13.2.jar:/Users/admin/.m2/repository/org/hamcrest/hamcrest-core/1.3/hamcrest-core-1.3.jar:/Users/admin/.m2/repository/commons-lang/commons-lang/2.6/commons-lang-2.6.jar:/Users/admin/.m2/repository/io/qameta/allure/allure-junit4/2.19.0/allure-junit4-2.19.0.jar:/Users/admin/.m2/repository/io/qameta/allure/allure-java-commons/2.19.0/allure-java-commons-2.19.0.jar:/Users/admin/.m2/repository/org/slf4j/slf4j-api/1.7.30/slf4j-api-1.7.30.jar:/Users/admin/.m2/repository/io/qameta/allure/allure-model/2.19.0/allure-model-2.19.0.jar:/Users/admin/.m2/repository/io/qameta/allure/allure-rest-assured/2.19.0/allure-rest-assured-2.19.0.jar:/Users/admin/.m2/repository/io/qameta/allure/allure-attachments/2.19.0/allure-attachments-2.19.0.jar:/Users/admin/.m2/repository/org/freemarker/freemarker/2.3.31/freemarker-2.3.31.jar:/Users/admin/.m2/repository/io/rest-assured/rest-assured/5.2.0/rest-assured-5.2.0.jar:/Users/admin/.m2/repository/org/apache/groovy/groovy/4.0.1/groovy-4.0.1.jar:/Users/admin/.m2/repository/org/apache/groovy/groovy-xml/4.0.1/groovy-xml-4.0.1.jar:/Users/admin/.m2/repository/org/apache/httpcomponents/httpclient/4.5.13/httpclient-4.5.13.jar:/Users/admin/.m2/repository/org/apache/httpcomponents/httpcore/4.4.13/httpcore-4.4.13.jar:/Users/admin/.m2/repository/commons-logging/commons-logging/1.2/commons-logging-1.2.jar:/Users/admin/.m2/repository/commons-codec/commons-codec/1.11/commons-codec-1.11.jar:/Users/admin/.m2/repository/org/apache/httpcomponents/httpmime/4.5.13/httpmime-4.5.13.jar:/Users/admin/.m2/repository/org/hamcrest/hamcrest/2.1/hamcrest-2.1.jar:/Users/admin/.m2/repository/org/ccil/cowan/tagsoup/tagsoup/1.2.1/tagsoup-1.2.1.jar:/Users/admin/.m2/repository/io/rest-assured/json-path/5.2.0/json-path-5.2.0.jar:/Users/admin/.m2/repository/org/apache/groovy/groovy-json/4.0.1/groovy-json-4.0.1.jar:/Users/admin/.m2/repository/io/rest-assured/rest-assured-common/5.2.0/rest-assured-common-5.2.0.jar:/Users/admin/.m2/repository/io/rest-assured/xml-path/5.2.0/xml-path-5.2.0.jar:/Users/admin/.m2/repository/org/apache/commons/commons-lang3/3.11/commons-lang3-3.11.jar:/Users/admin/.m2/repository/org/projectlombok/lombok/1.18.24/lombok-1.18.24.jar:/Users/admin/.m2/repository/com/google/code/gson/gson/2.9.0/gson-2.9.0.jar:"/>
    <property name="allure.results.directory" value="/Users/admin/Documents/job/Sprint7_123/target/allure-results"/>
    <property name="sun.cpu.endian" value="little"/>
    <property name="user.home" value="/Users/admin"/>
    <property name="user.language" value="ru"/>
    <property name="java.specification.vendor" value="Oracle Corporation"/>
    <property name="java.version.date" value="2022-04-19"/>
    <property name="java.home" value="/usr/local/Cellar/openjdk/18.0.1/libexec/openjdk.jdk/Contents/Home"/>
    <property name="file.separator" value="/"/>
    <property name="basedir" value="/Users/admin/Documents/job/Sprint7_123"/>
    <property name="java.vm.compressedOopsMode" value="Zero based"/>
    <property name="line.separator" value="&#10;"/>
    <property name="java.specification.name" value="Java Platform API Specification"/>
    <property name="java.vm.specification.vendor" value="Oracle Corporation"/>
    <property name="apple.awt.application.name" value="ForkedBooter"/>
    <property name="surefire.real.class.path" value="/Users/admin/Documents/job/Sprint7_123/target/surefire/surefirebooter9439325929098075251.jar"/>
    <property name="sun.management.compiler" value="HotSpot 64-Bit Tiered Compilers"/>
    <property name="java.runtime.version" value="18.0.1+0"/>
    <property name="user.name" value="admin"/>
    <property name="path.separator" value=":"/>
    <property name="os.version" value="12.5.1"/>
    <property name="java.runtime.name" value="OpenJDK Runtime Environment"/>
    <property name="file.encoding" value="UTF-8"/>
    <property name="java.vm.name" value="OpenJDK 64-Bit Server VM"/>
    <property name="java.vendor.version" value="Homebrew"/>
    <property name="localRepository" value="/Users/admin/.m2/repository"/>
    <property name="java.vendor.url.bug" value="https://github.com/Homebrew/homebrew-core/issues"/>
    <property name="java.io.tmpdir" value="/var/folders/yq/s60ngl_97bg242tjmkp3z1hm0000gq/T/"/>
    <property name="java.version" value="18.0.1"/>
    <property name="user.dir" value="/Users/admin/Documents/job/Sprint7_123"/>
    <property name="os.arch" value="x86_64"/>
    <property name="java.vm.specification.name" value="Java Virtual Machine Specification"/>
    <property name="native.encoding" value="UTF-8"/>
    <property name="java.library.path" value="/Users/admin/Library/Java/Extensions:/Library/Java/Extensions:/Network/Library/Java/Extensions:/System/Library/Java/Extensions:/usr/lib/java:."/>
    <property name="java.vm.info" value="mixed mode, sharing"/>
    <property name="java.vendor" value="Homebrew"/>
    <property name="java.vm.version" value="18.0.1+0"/>
    <property name="sun.io.unicode.encoding" value="UnicodeBig"/>
    <property name="java.class.version" value="62.0"/>
  </properties>
  <testcase name="shouldPlaceOrderWithAnyColors[Color: [GREY]]" classname="orders.OrdersCreateTest" time="0.732"/>
  <testcase name="shouldPlaceOrderWithAnyColors[Color: [BLACK]]" classname="orders.OrdersCreateTest" time="0.679"/>
  <testcase name="shouldPlaceOrderWithAnyColors[Color: [BLACK, GREY]]" classname="orders.OrdersCreateTest" time="0.805"/>
  <testcase name="shouldPlaceOrderWithAnyColors[Color: [PURPLE]]" classname="orders.OrdersCreateTest" time="0.705"/>
  <testcase name="shouldPlaceOrderWithAnyColors[Color: []]" classname="orders.OrdersCreateTest" time="0.649"/>
  <testcase name="shouldPlaceOrderWithAnyColors[Color: null]" classname="orders.OrdersCreateTest" time="0.698"/>
</testsuite>